[debug] [2020-11-21T08:17:01.898Z] ----------------------------------------------------------------------
[debug] [2020-11-21T08:17:01.900Z] Command:       C:\Program Files\nodejs\node.exe C:\Users\abhis\AppData\Roaming\npm\node_modules\firebase-tools\lib\bin\firebase.js init
[debug] [2020-11-21T08:17:01.900Z] CLI Version:   8.16.2
[debug] [2020-11-21T08:17:01.900Z] Platform:      win32
[debug] [2020-11-21T08:17:01.900Z] Node Version:  v12.19.0
[debug] [2020-11-21T08:17:01.901Z] Time:          Sat Nov 21 2020 00:17:01 GMT-0800 (Pacific Standard Time)
[debug] [2020-11-21T08:17:01.901Z] ----------------------------------------------------------------------
[debug] [2020-11-21T08:17:01.901Z] 
[debug] [2020-11-21T08:17:01.903Z] >>> [apiv2][query] GET https://firebase-public.firebaseio.com/cli.json [none]
[debug] [2020-11-21T08:17:01.926Z] > command requires scopes: ["email","openid","https://www.googleapis.com/auth/cloudplatformprojects.readonly","https://www.googleapis.com/auth/firebase","https://www.googleapis.com/auth/cloud-platform"]
[debug] [2020-11-21T08:17:01.926Z] > authorizing via signed-in user
[info] 
     ######## #### ########  ######## ########     ###     ######  ########
     ##        ##  ##     ## ##       ##     ##  ##   ##  ##       ##
     ######    ##  ########  ######   ########  #########  ######  ######
     ##        ##  ##    ##  ##       ##     ## ##     ##       ## ##
     ##       #### ##     ## ######## ########  ##     ##  ######  ########

You're about to initialize a Firebase project in this directory:

  C:\Programming\projects\Cadmus\app

Before we get started, keep in mind:

  * You are currently outside your home directory
  * You are initializing in an existing Firebase project directory

[debug] [2020-11-21T08:17:02.144Z] <<< [apiv2][status] GET https://firebase-public.firebaseio.com/cli.json 200
[debug] [2020-11-21T08:17:02.144Z] <<< [apiv2][body] GET https://firebase-public.firebaseio.com/cli.json {"cloudBuildErrorAfter":1594252800000,"cloudBuildWarnAfter":1590019200000,"defaultNode10After":1594252800000,"minVersion":"3.0.5","node8DeploysDisabledAfter":1613390400000,"node8RuntimeDisabledAfter":1615809600000,"node8WarnAfter":1600128000000}
